INFO 2025-03-19 10:22:59,936 autoreload 24232 23140 Watching for file changes with StatReloader
INFO 2025-03-19 10:23:07,004 basehttp 24232 4556 "GET /admin/ HTTP/1.1" 302 0
INFO 2025-03-19 10:23:07,169 basehttp 24232 4556 "GET /admin/login/?next=/admin/ HTTP/1.1" 200 4160
INFO 2025-03-19 10:23:07,497 basehttp 24232 4556 "GET /static/admin/css/base.css HTTP/1.1" 200 22092
INFO 2025-03-19 10:23:07,497 basehttp 24232 11712 "GET /static/admin/css/dark_mode.css HTTP/1.1" 200 2804
INFO 2025-03-19 10:23:07,538 basehttp 24232 8644 "GET /static/admin/js/theme.js HTTP/1.1" 200 1653
INFO 2025-03-19 10:23:07,623 basehttp 24232 11712 "GET /static/admin/css/login.css HTTP/1.1" 200 951
INFO 2025-03-19 10:23:07,623 basehttp 24232 8644 "GET /static/admin/css/nav_sidebar.css HTTP/1.1" 200 2810
INFO 2025-03-19 10:23:07,629 basehttp 24232 4556 "GET /static/admin/css/responsive.css HTTP/1.1" 200 17972
INFO 2025-03-19 10:23:07,653 basehttp 24232 4556 "GET /static/admin/js/nav_sidebar.js HTTP/1.1" 200 3063
WARNING 2025-03-19 10:23:08,708 basehttp 24232 4556 "GET /static/images/favicon.ico HTTP/1.1" 404 1868
INFO 2025-03-19 10:23:12,441 basehttp 24232 8644 "POST /admin/login/?next=/admin/ HTTP/1.1" 200 4321
INFO 2025-03-19 10:24:37,320 basehttp 24232 8644 "POST /admin/login/?next=/admin/ HTTP/1.1" 302 0
INFO 2025-03-19 10:24:37,451 basehttp 24232 8644 "GET /admin/ HTTP/1.1" 200 5291
INFO 2025-03-19 10:24:37,561 basehttp 24232 8644 "GET /static/admin/css/dashboard.css HTTP/1.1" 200 441
INFO 2025-03-19 10:24:37,895 basehttp 24232 8644 "GET /static/admin/img/icon-addlink.svg HTTP/1.1" 200 331
INFO 2025-03-19 10:24:38,055 basehttp 24232 11712 "GET /static/admin/img/icon-changelink.svg HTTP/1.1" 200 380
INFO 2025-03-19 10:24:45,442 basehttp 24232 11712 "GET /admin/ HTTP/1.1" 200 5291
WARNING 2025-03-19 10:24:47,030 log 24232 11712 Not Found: /pi
WARNING 2025-03-19 10:24:47,032 basehttp 24232 11712 "GET /pi HTTP/1.1" 404 2182
WARNING 2025-03-19 10:24:50,859 log 24232 11712 Not Found: /api
WARNING 2025-03-19 10:24:50,861 basehttp 24232 11712 "GET /api HTTP/1.1" 404 2185
WARNING 2025-03-19 10:25:04,830 log 24232 11712 Not Found: /notifications
WARNING 2025-03-19 10:25:04,839 basehttp 24232 11712 "GET /notifications HTTP/1.1" 404 2215
INFO 2025-03-19 10:25:17,418 autoreload 24232 23140 C:\Users\42191\Desktop\PROJEKT\BACKEND\BACKEND\urls.py changed, reloading.
INFO 2025-03-19 10:25:19,758 autoreload 11688 3640 Watching for file changes with StatReloader
INFO 2025-03-19 10:25:27,669 autoreload 11688 3640 C:\Users\42191\Desktop\PROJEKT\BACKEND\BACKEND\urls.py changed, reloading.
INFO 2025-03-19 10:25:30,044 autoreload 15828 5712 Watching for file changes with StatReloader
INFO 2025-03-19 10:25:35,090 autoreload 15828 5712 C:\Users\42191\Desktop\PROJEKT\BACKEND\BACKEND\urls.py changed, reloading.
INFO 2025-03-19 10:25:37,583 autoreload 19196 14228 Watching for file changes with StatReloader
INFO 2025-03-19 10:25:42,818 autoreload 19196 14228 C:\Users\42191\Desktop\PROJEKT\BACKEND\BACKEND\urls.py changed, reloading.
INFO 2025-03-19 10:25:45,104 autoreload 16948 12108 Watching for file changes with StatReloader
INFO 2025-03-19 10:25:50,152 autoreload 16948 12108 C:\Users\42191\Desktop\PROJEKT\BACKEND\BACKEND\urls.py changed, reloading.
INFO 2025-03-19 10:25:52,648 autoreload 21624 10292 Watching for file changes with StatReloader
INFO 2025-03-19 10:26:00,270 autoreload 21624 10292 C:\Users\42191\Desktop\PROJEKT\BACKEND\BACKEND\urls.py changed, reloading.
INFO 2025-03-19 10:26:02,613 autoreload 19168 11580 Watching for file changes with StatReloader
INFO 2025-03-19 10:26:06,542 autoreload 19168 11580 C:\Users\42191\Desktop\PROJEKT\BACKEND\BACKEND\urls.py changed, reloading.
INFO 2025-03-19 10:26:08,822 autoreload 19792 13304 Watching for file changes with StatReloader
INFO 2025-03-19 10:26:12,616 autoreload 19792 13304 C:\Users\42191\Desktop\PROJEKT\BACKEND\BACKEND\urls.py changed, reloading.
INFO 2025-03-19 10:26:14,944 autoreload 1820 5128 Watching for file changes with StatReloader
INFO 2025-03-19 10:26:53,284 autoreload 12488 8776 Watching for file changes with StatReloader
INFO 2025-03-19 15:19:42,490 autoreload 3900 21248 Watching for file changes with StatReloader
INFO 2025-03-19 15:21:53,089 autoreload 7676 1956 Watching for file changes with StatReloader
INFO 2025-03-19 15:22:47,111 basehttp 7676 11480 "GET /admin/ HTTP/1.1" 200 5291
INFO 2025-03-19 15:22:47,166 basehttp 7676 11480 "GET /static/admin/css/base.css HTTP/1.1" 304 0
INFO 2025-03-19 15:22:47,169 basehttp 7676 1384 "GET /static/admin/css/dark_mode.css HTTP/1.1" 304 0
INFO 2025-03-19 15:22:47,176 basehttp 7676 11480 "GET /static/admin/js/theme.js HTTP/1.1" 304 0
INFO 2025-03-19 15:22:47,644 basehttp 7676 11480 "GET /static/admin/css/nav_sidebar.css HTTP/1.1" 304 0
INFO 2025-03-19 15:22:47,648 basehttp 7676 1384 "GET /static/admin/css/dashboard.css HTTP/1.1" 304 0
INFO 2025-03-19 15:22:47,649 basehttp 7676 11864 "GET /static/admin/css/responsive.css HTTP/1.1" 304 0
INFO 2025-03-19 15:22:47,702 basehttp 7676 11864 "GET /static/admin/js/nav_sidebar.js HTTP/1.1" 304 0
INFO 2025-03-19 15:22:47,712 basehttp 7676 11864 "GET /static/admin/img/icon-addlink.svg HTTP/1.1" 304 0
INFO 2025-03-19 15:22:47,712 basehttp 7676 1384 "GET /static/admin/img/icon-changelink.svg HTTP/1.1" 304 0
WARNING 2025-03-19 15:22:48,309 basehttp 7676 1384 "GET /static/images/favicon.ico HTTP/1.1" 404 1868
INFO 2025-03-19 15:23:01,150 autoreload 7676 1956 C:\Users\42191\Desktop\PROJEKT\BACKEND\BACKEND\urls.py changed, reloading.
INFO 2025-03-19 15:23:04,154 autoreload 24848 16252 Watching for file changes with StatReloader
INFO 2025-03-19 15:23:08,683 autoreload 24848 16252 C:\Users\42191\Desktop\PROJEKT\BACKEND\BACKEND\urls.py changed, reloading.
INFO 2025-03-19 15:23:11,544 autoreload 9192 20776 Watching for file changes with StatReloader
INFO 2025-03-19 15:23:21,231 autoreload 9192 20776 C:\Users\42191\Desktop\PROJEKT\BACKEND\BACKEND\urls.py changed, reloading.
INFO 2025-03-19 15:23:24,308 autoreload 7252 23544 Watching for file changes with StatReloader
INFO 2025-03-19 15:23:28,378 autoreload 7252 23544 C:\Users\42191\Desktop\PROJEKT\BACKEND\BACKEND\urls.py changed, reloading.
INFO 2025-03-19 15:23:31,127 autoreload 5532 24028 Watching for file changes with StatReloader
INFO 2025-03-19 15:27:34,842 autoreload 3852 11608 Watching for file changes with StatReloader
INFO 2025-03-19 15:31:29,203 autoreload 8252 428 Watching for file changes with StatReloader
INFO 2025-03-19 15:32:27,135 autoreload 8252 428 C:\Users\42191\Desktop\PROJEKT\BACKEND\tipperliga\models.py changed, reloading.
INFO 2025-03-19 15:32:29,686 autoreload 14048 8760 Watching for file changes with StatReloader
INFO 2025-03-19 15:32:40,783 autoreload 14048 8760 C:\Users\42191\Desktop\PROJEKT\BACKEND\tipperliga\models.py changed, reloading.
INFO 2025-03-19 15:32:43,413 autoreload 17996 10304 Watching for file changes with StatReloader
INFO 2025-03-19 15:32:56,112 autoreload 17996 10304 C:\Users\42191\Desktop\PROJEKT\BACKEND\tipperliga\models.py changed, reloading.
INFO 2025-03-19 15:32:58,623 autoreload 1864 9148 Watching for file changes with StatReloader
INFO 2025-03-19 15:34:19,813 autoreload 1864 9148 C:\Users\42191\Desktop\PROJEKT\BACKEND\tipperliga\models.py changed, reloading.
INFO 2025-03-19 15:34:22,379 autoreload 16248 24996 Watching for file changes with StatReloader
INFO 2025-03-19 15:34:56,355 autoreload 16248 24996 C:\Users\42191\Desktop\PROJEKT\BACKEND\tipperliga\serializers.py changed, reloading.
INFO 2025-03-19 15:34:58,946 autoreload 19644 13628 Watching for file changes with StatReloader
INFO 2025-03-19 15:35:17,187 autoreload 19644 13628 C:\Users\42191\Desktop\PROJEKT\BACKEND\tipperliga\serializers.py changed, reloading.
INFO 2025-03-19 15:35:19,812 autoreload 5532 13000 Watching for file changes with StatReloader
INFO 2025-03-19 15:35:52,095 autoreload 5532 13000 C:\Users\42191\Desktop\PROJEKT\BACKEND\tipperliga\models.py changed, reloading.
INFO 2025-03-19 15:36:00,246 autoreload 24732 24832 Watching for file changes with StatReloader
INFO 2025-03-19 15:36:36,302 autoreload 24732 24832 C:\Users\42191\Desktop\PROJEKT\BACKEND\tipperliga\models.py changed, reloading.
INFO 2025-03-19 15:36:38,830 autoreload 24236 11664 Watching for file changes with StatReloader
INFO 2025-03-19 15:36:53,669 autoreload 21636 14432 Watching for file changes with StatReloader
INFO 2025-03-19 15:38:02,601 autoreload 21636 14432 C:\Users\42191\Desktop\PROJEKT\BACKEND\tipperliga\models.py changed, reloading.
INFO 2025-03-19 15:38:05,178 autoreload 9752 22768 Watching for file changes with StatReloader
INFO 2025-03-19 15:38:18,237 autoreload 24532 276 Watching for file changes with StatReloader
INFO 2025-03-19 15:39:30,045 autoreload 24532 276 C:\Users\42191\Desktop\PROJEKT\BACKEND\tipperliga\models.py changed, reloading.
INFO 2025-03-19 15:39:32,441 autoreload 23820 15148 Watching for file changes with StatReloader
INFO 2025-03-19 15:39:44,332 autoreload 23820 15148 C:\Users\42191\Desktop\PROJEKT\BACKEND\tipperliga\serializers.py changed, reloading.
INFO 2025-03-19 15:39:47,047 autoreload 11728 23408 Watching for file changes with StatReloader
INFO 2025-03-19 15:39:51,226 autoreload 11728 23408 C:\Users\42191\Desktop\PROJEKT\BACKEND\tipperliga\serializers.py changed, reloading.
INFO 2025-03-19 15:39:53,901 autoreload 16188 10448 Watching for file changes with StatReloader
INFO 2025-03-19 15:40:08,705 autoreload 14632 8688 Watching for file changes with StatReloader
INFO 2025-03-19 15:40:47,792 autoreload 14632 8688 C:\Users\42191\Desktop\PROJEKT\BACKEND\BACKEND\settings.py changed, reloading.
INFO 2025-03-19 15:40:50,912 autoreload 25248 22368 Watching for file changes with StatReloader
INFO 2025-03-19 15:42:24,275 autoreload 25248 22368 C:\Users\42191\Desktop\PROJEKT\BACKEND\tipperliga\views.py changed, reloading.
INFO 2025-03-19 15:42:27,385 autoreload 24060 6404 Watching for file changes with StatReloader
INFO 2025-03-19 15:42:55,283 autoreload 24060 6404 C:\Users\42191\Desktop\PROJEKT\BACKEND\tipperliga\views.py changed, reloading.
INFO 2025-03-19 15:42:58,597 autoreload 17284 24456 Watching for file changes with StatReloader
INFO 2025-03-19 15:43:42,771 autoreload 17284 24456 C:\Users\42191\Desktop\PROJEKT\BACKEND\tipperliga\views.py changed, reloading.
INFO 2025-03-19 15:43:45,974 autoreload 8000 11476 Watching for file changes with StatReloader
INFO 2025-03-19 15:44:14,923 autoreload 8000 11476 C:\Users\42191\Desktop\PROJEKT\BACKEND\tipperliga\views.py changed, reloading.
INFO 2025-03-19 15:44:17,834 autoreload 23448 9236 Watching for file changes with StatReloader
INFO 2025-03-19 15:44:27,179 autoreload 23448 9236 C:\Users\42191\Desktop\PROJEKT\BACKEND\tipperliga\views.py changed, reloading.
INFO 2025-03-19 15:44:30,302 autoreload 12192 5280 Watching for file changes with StatReloader
INFO 2025-03-19 15:44:52,708 autoreload 12192 5280 C:\Users\42191\Desktop\PROJEKT\BACKEND\tipperliga\views.py changed, reloading.
INFO 2025-03-19 15:44:56,072 autoreload 22116 20556 Watching for file changes with StatReloader
INFO 2025-03-19 15:45:36,406 autoreload 22116 20556 C:\Users\42191\Desktop\PROJEKT\BACKEND\tipperliga\views.py changed, reloading.
INFO 2025-03-19 15:45:39,463 autoreload 1672 6908 Watching for file changes with StatReloader
INFO 2025-03-19 15:47:13,728 autoreload 1672 6908 C:\Users\42191\Desktop\PROJEKT\BACKEND\tipperliga\views.py changed, reloading.
INFO 2025-03-19 15:47:17,205 autoreload 24456 11724 Watching for file changes with StatReloader
INFO 2025-03-19 15:47:30,278 autoreload 24456 11724 C:\Users\42191\Desktop\PROJEKT\BACKEND\tipperliga\views.py changed, reloading.
INFO 2025-03-19 15:47:33,216 autoreload 11728 19740 Watching for file changes with StatReloader
INFO 2025-03-19 15:47:45,454 autoreload 11728 19740 C:\Users\42191\Desktop\PROJEKT\BACKEND\tipperliga\views.py changed, reloading.
INFO 2025-03-19 15:47:48,752 autoreload 23532 16492 Watching for file changes with StatReloader
INFO 2025-03-19 15:49:30,402 autoreload 23532 16492 C:\Users\42191\Desktop\PROJEKT\BACKEND\tipperliga\views.py changed, reloading.
INFO 2025-03-19 15:49:33,705 autoreload 21484 13876 Watching for file changes with StatReloader
INFO 2025-03-19 15:50:07,174 autoreload 21484 13876 C:\Users\42191\Desktop\PROJEKT\BACKEND\tipperliga\notifications.py changed, reloading.
INFO 2025-03-19 15:50:10,484 autoreload 22616 8276 Watching for file changes with StatReloader
INFO 2025-03-19 15:50:34,620 autoreload 22616 8276 C:\Users\42191\Desktop\PROJEKT\BACKEND\tipperliga\notifications.py changed, reloading.
INFO 2025-03-19 15:50:37,882 autoreload 19140 10772 Watching for file changes with StatReloader
INFO 2025-03-19 15:50:52,507 autoreload 19140 10772 C:\Users\42191\Desktop\PROJEKT\BACKEND\tipperliga\notifications.py changed, reloading.
INFO 2025-03-19 15:50:55,601 autoreload 21168 11448 Watching for file changes with StatReloader
INFO 2025-03-19 15:51:57,222 autoreload 14016 23332 Watching for file changes with StatReloader
INFO 2025-03-19 15:52:09,521 autoreload 14016 23332 C:\Users\42191\Desktop\PROJEKT\BACKEND\tipperliga\views.py changed, reloading.
INFO 2025-03-19 15:52:12,687 autoreload 3324 11636 Watching for file changes with StatReloader
INFO 2025-03-19 15:52:19,608 autoreload 3324 11636 C:\Users\42191\Desktop\PROJEKT\BACKEND\tipperliga\views.py changed, reloading.
INFO 2025-03-19 15:52:22,834 autoreload 21520 16464 Watching for file changes with StatReloader
INFO 2025-03-19 15:52:33,650 autoreload 21520 16464 C:\Users\42191\Desktop\PROJEKT\BACKEND\tipperliga\views.py changed, reloading.
INFO 2025-03-19 15:52:37,098 autoreload 24892 1880 Watching for file changes with StatReloader
INFO 2025-03-19 15:52:43,805 autoreload 24892 1880 C:\Users\42191\Desktop\PROJEKT\BACKEND\tipperliga\views.py changed, reloading.
INFO 2025-03-19 15:52:46,953 autoreload 7664 18908 Watching for file changes with StatReloader
INFO 2025-03-19 15:52:51,406 autoreload 7664 18908 C:\Users\42191\Desktop\PROJEKT\BACKEND\tipperliga\views.py changed, reloading.
INFO 2025-03-19 15:52:54,805 autoreload 9164 25420 Watching for file changes with StatReloader
INFO 2025-03-19 15:52:59,197 autoreload 9164 25420 C:\Users\42191\Desktop\PROJEKT\BACKEND\tipperliga\views.py changed, reloading.
INFO 2025-03-19 15:53:02,515 autoreload 6008 4248 Watching for file changes with StatReloader
INFO 2025-03-19 15:53:07,046 autoreload 6008 4248 C:\Users\42191\Desktop\PROJEKT\BACKEND\tipperliga\views.py changed, reloading.
INFO 2025-03-19 15:53:10,101 autoreload 23532 22964 Watching for file changes with StatReloader
INFO 2025-03-19 15:53:24,549 autoreload 23532 22964 C:\Users\42191\Desktop\PROJEKT\BACKEND\tipperliga\views.py changed, reloading.
INFO 2025-03-19 15:53:27,773 autoreload 2872 18068 Watching for file changes with StatReloader
INFO 2025-03-19 15:53:31,972 autoreload 2872 18068 C:\Users\42191\Desktop\PROJEKT\BACKEND\tipperliga\views.py changed, reloading.
INFO 2025-03-19 15:53:35,232 autoreload 20228 23448 Watching for file changes with StatReloader
INFO 2025-03-19 15:53:43,626 autoreload 20228 23448 C:\Users\42191\Desktop\PROJEKT\BACKEND\tipperliga\views.py changed, reloading.
INFO 2025-03-19 15:53:47,032 autoreload 4388 18416 Watching for file changes with StatReloader
INFO 2025-03-19 15:55:00,013 autoreload 1172 16756 Watching for file changes with StatReloader
INFO 2025-03-19 15:57:14,945 autoreload 2920 18780 Watching for file changes with StatReloader
WARNING 2025-03-19 15:57:20,338 log 2920 2824 Unauthorized: /
WARNING 2025-03-19 15:57:20,340 basehttp 2920 2824 "GET / HTTP/1.1" 401 4989
INFO 2025-03-19 15:57:20,672 basehttp 2920 19884 "GET /static/rest_framework/css/bootstrap-tweaks.css HTTP/1.1" 200 3426
INFO 2025-03-19 15:57:20,684 basehttp 2920 19884 "GET /static/rest_framework/css/prettify.css HTTP/1.1" 200 817
INFO 2025-03-19 15:57:20,702 basehttp 2920 2824 "GET /static/rest_framework/css/bootstrap.min.css HTTP/1.1" 200 121457
INFO 2025-03-19 15:57:20,717 basehttp 2920 19884 "GET /static/rest_framework/js/jquery-3.7.1.min.js HTTP/1.1" 200 87533
INFO 2025-03-19 15:57:20,723 basehttp 2920 18348 "GET /static/rest_framework/css/default.css HTTP/1.1" 200 1152
INFO 2025-03-19 15:57:20,741 basehttp 2920 11812 "GET /static/rest_framework/js/ajax-form.js HTTP/1.1" 200 3796
INFO 2025-03-19 15:57:20,742 basehttp 2920 1576 "GET /static/rest_framework/js/csrf.js HTTP/1.1" 200 1793
INFO 2025-03-19 15:57:20,752 basehttp 2920 18480 "GET /static/rest_framework/js/bootstrap.min.js HTTP/1.1" 200 39680
INFO 2025-03-19 15:57:20,815 basehttp 2920 18348 "GET /static/rest_framework/js/load-ajax-form.js HTTP/1.1" 200 59
INFO 2025-03-19 15:57:20,815 basehttp 2920 19884 "GET /static/rest_framework/js/default.js HTTP/1.1" 200 1268
INFO 2025-03-19 15:57:20,823 basehttp 2920 2824 "GET /static/rest_framework/js/prettify-min.js HTTP/1.1" 200 13632
INFO 2025-03-19 15:57:20,830 basehttp 2920 18480 "GET /static/rest_framework/img/grid.png HTTP/1.1" 200 1458
INFO 2025-03-19 15:57:35,363 basehttp 2920 18480 "GET /auth/login HTTP/1.1" 301 0
WARNING 2025-03-19 15:57:35,487 log 2920 2824 Method Not Allowed: /auth/login/
WARNING 2025-03-19 15:57:35,489 basehttp 2920 2824 "GET /auth/login/ HTTP/1.1" 405 5687
INFO 2025-03-19 15:57:43,311 basehttp 2920 2824 "GET /auth/refresh HTTP/1.1" 301 0
WARNING 2025-03-19 15:57:43,400 log 2920 19884 Method Not Allowed: /auth/refresh/
WARNING 2025-03-19 15:57:43,403 basehttp 2920 19884 "GET /auth/refresh/ HTTP/1.1" 405 5733
WARNING 2025-03-19 15:57:49,996 log 2920 19884 Unauthorized: /
WARNING 2025-03-19 15:57:49,997 basehttp 2920 19884 "GET / HTTP/1.1" 401 4989
INFO 2025-03-19 15:57:58,092 autoreload 2920 18780 C:\Users\42191\Desktop\PROJEKT\BACKEND\BACKEND\urls.py changed, reloading.
INFO 2025-03-19 15:58:00,823 autoreload 13000 22676 Watching for file changes with StatReloader
WARNING 2025-03-19 15:58:05,201 log 13000 24872 Unauthorized: /
WARNING 2025-03-19 15:58:05,203 basehttp 13000 24872 "GET / HTTP/1.1" 401 4989
INFO 2025-03-19 15:59:25,543 autoreload 13000 22676 C:\Users\42191\Desktop\PROJEKT\BACKEND\tipperliga\views.py changed, reloading.
INFO 2025-03-19 15:59:28,292 autoreload 4104 8480 Watching for file changes with StatReloader
INFO 2025-03-19 16:07:10,130 autoreload 6908 20372 Watching for file changes with StatReloader
INFO 2025-03-19 16:07:16,406 basehttp 6908 5720 "GET /profile HTTP/1.1" 301 0
WARNING 2025-03-19 16:07:16,533 log 6908 2920 Unauthorized: /profile/
WARNING 2025-03-19 16:07:16,536 basehttp 6908 2920 "GET /profile/ HTTP/1.1" 401 5151
WARNING 2025-03-19 16:07:32,417 log 6908 2920 Unauthorized: /profile/
WARNING 2025-03-19 16:07:32,419 basehttp 6908 2920 "GET /profile/ HTTP/1.1" 401 5151
WARNING 2025-03-19 16:07:35,249 log 6908 2920 Unauthorized: /profile/
WARNING 2025-03-19 16:07:35,251 basehttp 6908 2920 "GET /profile/ HTTP/1.1" 401 5151
WARNING 2025-03-19 16:07:36,768 log 6908 2920 Unauthorized: /profile/
WARNING 2025-03-19 16:07:36,770 basehttp 6908 2920 "GET /profile/?format=json HTTP/1.1" 401 58
INFO 2025-03-19 16:07:42,074 basehttp 6908 2920 "GET /admin/ HTTP/1.1" 200 6226
INFO 2025-03-19 16:07:50,499 basehttp 6908 2920 "GET /admin/notifications/notification/ HTTP/1.1" 200 9699
INFO 2025-03-19 16:07:50,673 basehttp 6908 15344 "GET /admin/jsi18n/ HTTP/1.1" 200 3342
INFO 2025-03-19 16:07:50,749 basehttp 6908 2920 "GET /static/admin/css/changelists.css HTTP/1.1" 200 6878
INFO 2025-03-19 16:07:50,815 basehttp 6908 15344 "GET /static/admin/js/jquery.init.js HTTP/1.1" 200 347
INFO 2025-03-19 16:07:50,911 basehttp 6908 11728 "GET /static/admin/js/actions.js HTTP/1.1" 200 8076
INFO 2025-03-19 16:07:50,911 basehttp 6908 14152 "GET /static/admin/js/urlify.js HTTP/1.1" 200 7887
INFO 2025-03-19 16:07:50,911 basehttp 6908 23248 "GET /static/admin/js/core.js HTTP/1.1" 200 6208
INFO 2025-03-19 16:07:50,913 basehttp 6908 10420 "GET /static/admin/js/admin/RelatedObjectLookups.js HTTP/1.1" 200 9097
INFO 2025-03-19 16:07:50,944 basehttp 6908 15344 "GET /static/admin/js/prepopulate.js HTTP/1.1" 200 1531
INFO 2025-03-19 16:07:50,948 basehttp 6908 2920 "GET /static/admin/js/vendor/jquery/jquery.js HTTP/1.1" 200 285314
INFO 2025-03-19 16:07:51,005 basehttp 6908 2920 "GET /static/admin/js/filters.js HTTP/1.1" 200 978
INFO 2025-03-19 16:07:51,015 basehttp 6908 23248 "GET /static/admin/js/vendor/xregexp/xregexp.js HTTP/1.1" 200 325171
INFO 2025-03-19 16:07:51,150 basehttp 6908 23248 "GET /static/admin/img/icon-viewlink.svg HTTP/1.1" 200 581
INFO 2025-03-19 16:07:51,152 basehttp 6908 2920 "GET /static/admin/img/tooltag-add.svg HTTP/1.1" 200 331
INFO 2025-03-19 16:07:55,096 basehttp 6908 2920 "GET /admin/notifications/ HTTP/1.1" 200 5353
INFO 2025-03-19 16:07:56,115 basehttp 6908 2920 "GET /admin/ HTTP/1.1" 200 6226
INFO 2025-03-19 16:07:57,210 basehttp 6908 2920 "GET /admin/auth/group/ HTTP/1.1" 200 7826
INFO 2025-03-19 16:07:57,291 basehttp 6908 23248 "GET /static/admin/img/search.svg HTTP/1.1" 200 458
INFO 2025-03-19 16:07:57,345 basehttp 6908 2920 "GET /admin/jsi18n/ HTTP/1.1" 200 3342
INFO 2025-03-19 16:08:00,355 basehttp 6908 2920 "GET /admin/ HTTP/1.1" 200 6226
INFO 2025-03-19 16:08:03,041 basehttp 6908 2920 "GET /admin/auth/ HTTP/1.1" 200 5311
INFO 2025-03-19 16:08:04,061 basehttp 6908 2920 "GET /admin/ HTTP/1.1" 200 6226
WARNING 2025-03-19 16:08:06,846 log 6908 2920 Unauthorized: /
WARNING 2025-03-19 16:08:06,848 basehttp 6908 2920 "GET / HTTP/1.1" 401 4989
INFO 2025-03-19 16:08:48,813 autoreload 6908 20372 C:\Users\42191\Desktop\PROJEKT\BACKEND\BACKEND\settings.py changed, reloading.
INFO 2025-03-19 16:08:51,664 autoreload 25040 24024 Watching for file changes with StatReloader
INFO 2025-03-19 16:08:57,094 basehttp 25040 16948 "GET / HTTP/1.1" 200 5641
ERROR 2025-03-19 16:09:05,227 log 25040 16948 Internal Server Error: /profile/
Traceback (most recent call last):
  File "C:\Users\42191\Desktop\PROJEKT\venv\Lib\site-packages\django\core\handlers\exception.py", line 55, in inner
    response = get_response(request)
               ^^^^^^^^^^^^^^^^^^^^^
  File "C:\Users\42191\Desktop\PROJEKT\venv\Lib\site-packages\django\core\handlers\base.py", line 197, in _get_response
    response = wrapped_callback(request, *callback_args, **callback_kwargs)
               ^^^^^^^^^^^^^^^^^^^^^^^^^^^^^^^^^^^^^^^^^^^^^^^^^^^^^^^^^^^^
  File "C:\Users\42191\Desktop\PROJEKT\venv\Lib\site-packages\django\views\decorators\csrf.py", line 65, in _view_wrapper
    return view_func(request, *args, **kwargs)
           ^^^^^^^^^^^^^^^^^^^^^^^^^^^^^^^^^^^
  File "C:\Users\42191\Desktop\PROJEKT\venv\Lib\site-packages\rest_framework\viewsets.py", line 124, in view
    return self.dispatch(request, *args, **kwargs)
           ^^^^^^^^^^^^^^^^^^^^^^^^^^^^^^^^^^^^^^^
  File "C:\Users\42191\Desktop\PROJEKT\venv\Lib\site-packages\rest_framework\views.py", line 509, in dispatch
    response = self.handle_exception(exc)
               ^^^^^^^^^^^^^^^^^^^^^^^^^^
  File "C:\Users\42191\Desktop\PROJEKT\venv\Lib\site-packages\rest_framework\views.py", line 469, in handle_exception
    self.raise_uncaught_exception(exc)
  File "C:\Users\42191\Desktop\PROJEKT\venv\Lib\site-packages\rest_framework\views.py", line 480, in raise_uncaught_exception
    raise exc
  File "C:\Users\42191\Desktop\PROJEKT\venv\Lib\site-packages\rest_framework\views.py", line 506, in dispatch
    response = handler(request, *args, **kwargs)
               ^^^^^^^^^^^^^^^^^^^^^^^^^^^^^^^^^
  File "C:\Users\42191\Desktop\PROJEKT\BACKEND\tipperliga\views.py", line 24, in my_profile
    profile_details = ProfileService.get_user_profile_details(request.user)
                      ^^^^^^^^^^^^^^^^^^^^^^^^^^^^^^^^^^^^^^^^^^^^^^^^^^^^^
  File "C:\Users\42191\Desktop\PROJEKT\BACKEND\tipperliga\profile.py", line 141, in get_user_profile_details
    profile = UserProfile.objects.get(user=user)
              ^^^^^^^^^^^^^^^^^^^^^^^^^^^^^^^^^^
  File "C:\Users\42191\Desktop\PROJEKT\venv\Lib\site-packages\django\db\models\manager.py", line 87, in manager_method
    return getattr(self.get_queryset(), name)(*args, **kwargs)
           ^^^^^^^^^^^^^^^^^^^^^^^^^^^^^^^^^^^^^^^^^^^^^^^^^^^
  File "C:\Users\42191\Desktop\PROJEKT\venv\Lib\site-packages\django\db\models\query.py", line 649, in get
    raise self.model.DoesNotExist(
tipperliga.profile.UserProfile.DoesNotExist: UserProfile matching query does not exist.
ERROR 2025-03-19 16:09:05,250 basehttp 25040 16948 "GET /profile/ HTTP/1.1" 500 115444
INFO 2025-03-19 16:11:04,407 autoreload 25040 24024 C:\Users\42191\Desktop\PROJEKT\BACKEND\tipperliga\apps.py changed, reloading.
INFO 2025-03-19 16:11:07,018 autoreload 21432 13992 Watching for file changes with StatReloader
INFO 2025-03-19 16:11:30,786 autoreload 18100 8024 Watching for file changes with StatReloader
ERROR 2025-03-19 16:11:35,423 log 18100 20836 Internal Server Error: /profile/
Traceback (most recent call last):
  File "C:\Users\42191\Desktop\PROJEKT\venv\Lib\site-packages\django\core\handlers\exception.py", line 55, in inner
    response = get_response(request)
               ^^^^^^^^^^^^^^^^^^^^^
  File "C:\Users\42191\Desktop\PROJEKT\venv\Lib\site-packages\django\core\handlers\base.py", line 197, in _get_response
    response = wrapped_callback(request, *callback_args, **callback_kwargs)
               ^^^^^^^^^^^^^^^^^^^^^^^^^^^^^^^^^^^^^^^^^^^^^^^^^^^^^^^^^^^^
  File "C:\Users\42191\Desktop\PROJEKT\venv\Lib\site-packages\django\views\decorators\csrf.py", line 65, in _view_wrapper
    return view_func(request, *args, **kwargs)
           ^^^^^^^^^^^^^^^^^^^^^^^^^^^^^^^^^^^
  File "C:\Users\42191\Desktop\PROJEKT\venv\Lib\site-packages\rest_framework\viewsets.py", line 124, in view
    return self.dispatch(request, *args, **kwargs)
           ^^^^^^^^^^^^^^^^^^^^^^^^^^^^^^^^^^^^^^^
  File "C:\Users\42191\Desktop\PROJEKT\venv\Lib\site-packages\rest_framework\views.py", line 509, in dispatch
    response = self.handle_exception(exc)
               ^^^^^^^^^^^^^^^^^^^^^^^^^^
  File "C:\Users\42191\Desktop\PROJEKT\venv\Lib\site-packages\rest_framework\views.py", line 469, in handle_exception
    self.raise_uncaught_exception(exc)
  File "C:\Users\42191\Desktop\PROJEKT\venv\Lib\site-packages\rest_framework\views.py", line 480, in raise_uncaught_exception
    raise exc
  File "C:\Users\42191\Desktop\PROJEKT\venv\Lib\site-packages\rest_framework\views.py", line 506, in dispatch
    response = handler(request, *args, **kwargs)
               ^^^^^^^^^^^^^^^^^^^^^^^^^^^^^^^^^
  File "C:\Users\42191\Desktop\PROJEKT\BACKEND\tipperliga\views.py", line 24, in my_profile
    profile_details = ProfileService.get_user_profile_details(request.user)
                      ^^^^^^^^^^^^^^^^^^^^^^^^^^^^^^^^^^^^^^^^^^^^^^^^^^^^^
  File "C:\Users\42191\Desktop\PROJEKT\BACKEND\tipperliga\profile.py", line 141, in get_user_profile_details
    profile = UserProfile.objects.get(user=user)
              ^^^^^^^^^^^^^^^^^^^^^^^^^^^^^^^^^^
  File "C:\Users\42191\Desktop\PROJEKT\venv\Lib\site-packages\django\db\models\manager.py", line 87, in manager_method
    return getattr(self.get_queryset(), name)(*args, **kwargs)
           ^^^^^^^^^^^^^^^^^^^^^^^^^^^^^^^^^^^^^^^^^^^^^^^^^^^
  File "C:\Users\42191\Desktop\PROJEKT\venv\Lib\site-packages\django\db\models\query.py", line 649, in get
    raise self.model.DoesNotExist(
tipperliga.profile.UserProfile.DoesNotExist: UserProfile matching query does not exist.
ERROR 2025-03-19 16:11:35,443 basehttp 18100 20836 "GET /profile/ HTTP/1.1" 500 115581
WARNING 2025-03-19 16:11:39,590 log 18100 20836 Not Found: /auth
WARNING 2025-03-19 16:11:39,591 basehttp 18100 20836 "GET /auth HTTP/1.1" 404 12219
WARNING 2025-03-19 16:11:48,220 log 18100 20836 Method Not Allowed: /auth/login/
WARNING 2025-03-19 16:11:48,223 basehttp 18100 20836 "GET /auth/login/ HTTP/1.1" 405 5721
WARNING 2025-03-19 16:11:57,264 log 18100 20836 Method Not Allowed: /auth/refresh/
WARNING 2025-03-19 16:11:57,266 basehttp 18100 20836 "GET /auth/refresh/ HTTP/1.1" 405 5767
INFO 2025-03-19 16:12:08,709 basehttp 18100 20836 "GET / HTTP/1.1" 200 5641
INFO 2025-03-19 16:12:14,854 basehttp 18100 20836 "GET /teams/ HTTP/1.1" 200 8955
INFO 2025-03-19 16:12:21,071 basehttp 18100 20836 "GET /leagues/ HTTP/1.1" 200 9613
INFO 2025-03-19 16:12:24,729 basehttp 18100 20836 "GET /matches/ HTTP/1.1" 200 9353
INFO 2025-03-19 16:12:27,687 basehttp 18100 20836 "GET /users/ HTTP/1.1" 200 10546
ERROR 2025-03-19 16:12:43,088 log 18100 20836 Internal Server Error: /users/
Traceback (most recent call last):
  File "C:\Users\42191\Desktop\PROJEKT\venv\Lib\site-packages\django\core\handlers\exception.py", line 55, in inner
    response = get_response(request)
               ^^^^^^^^^^^^^^^^^^^^^
  File "C:\Users\42191\Desktop\PROJEKT\venv\Lib\site-packages\django\core\handlers\base.py", line 197, in _get_response
    response = wrapped_callback(request, *callback_args, **callback_kwargs)
               ^^^^^^^^^^^^^^^^^^^^^^^^^^^^^^^^^^^^^^^^^^^^^^^^^^^^^^^^^^^^
  File "C:\Users\42191\Desktop\PROJEKT\venv\Lib\site-packages\django\views\decorators\csrf.py", line 65, in _view_wrapper
    return view_func(request, *args, **kwargs)
           ^^^^^^^^^^^^^^^^^^^^^^^^^^^^^^^^^^^
  File "C:\Users\42191\Desktop\PROJEKT\venv\Lib\site-packages\rest_framework\viewsets.py", line 124, in view
    return self.dispatch(request, *args, **kwargs)
           ^^^^^^^^^^^^^^^^^^^^^^^^^^^^^^^^^^^^^^^
  File "C:\Users\42191\Desktop\PROJEKT\venv\Lib\site-packages\rest_framework\views.py", line 509, in dispatch
    response = self.handle_exception(exc)
               ^^^^^^^^^^^^^^^^^^^^^^^^^^
  File "C:\Users\42191\Desktop\PROJEKT\venv\Lib\site-packages\rest_framework\views.py", line 469, in handle_exception
    self.raise_uncaught_exception(exc)
  File "C:\Users\42191\Desktop\PROJEKT\venv\Lib\site-packages\rest_framework\views.py", line 480, in raise_uncaught_exception
    raise exc
  File "C:\Users\42191\Desktop\PROJEKT\venv\Lib\site-packages\rest_framework\views.py", line 506, in dispatch
    response = handler(request, *args, **kwargs)
               ^^^^^^^^^^^^^^^^^^^^^^^^^^^^^^^^^
  File "C:\Users\42191\Desktop\PROJEKT\venv\Lib\site-packages\rest_framework\mixins.py", line 19, in create
    self.perform_create(serializer)
  File "C:\Users\42191\Desktop\PROJEKT\venv\Lib\site-packages\rest_framework\mixins.py", line 24, in perform_create
    serializer.save()
  File "C:\Users\42191\Desktop\PROJEKT\venv\Lib\site-packages\rest_framework\serializers.py", line 208, in save
    self.instance = self.create(validated_data)
                    ^^^^^^^^^^^^^^^^^^^^^^^^^^^
  File "C:\Users\42191\Desktop\PROJEKT\BACKEND\tipperliga\serializers.py", line 45, in create
    password=validated_data['password']
             ~~~~~~~~~~~~~~^^^^^^^^^^^^
KeyError: 'password'
ERROR 2025-03-19 16:12:43,102 basehttp 18100 20836 "POST /users/ HTTP/1.1" 500 121422
ERROR 2025-03-19 16:13:39,713 log 18100 20836 Internal Server Error: /users/
Traceback (most recent call last):
  File "C:\Users\42191\Desktop\PROJEKT\venv\Lib\site-packages\django\core\handlers\exception.py", line 55, in inner
    response = get_response(request)
               ^^^^^^^^^^^^^^^^^^^^^
  File "C:\Users\42191\Desktop\PROJEKT\venv\Lib\site-packages\django\core\handlers\base.py", line 197, in _get_response
    response = wrapped_callback(request, *callback_args, **callback_kwargs)
               ^^^^^^^^^^^^^^^^^^^^^^^^^^^^^^^^^^^^^^^^^^^^^^^^^^^^^^^^^^^^
  File "C:\Users\42191\Desktop\PROJEKT\venv\Lib\site-packages\django\views\decorators\csrf.py", line 65, in _view_wrapper
    return view_func(request, *args, **kwargs)
           ^^^^^^^^^^^^^^^^^^^^^^^^^^^^^^^^^^^
  File "C:\Users\42191\Desktop\PROJEKT\venv\Lib\site-packages\rest_framework\viewsets.py", line 124, in view
    return self.dispatch(request, *args, **kwargs)
           ^^^^^^^^^^^^^^^^^^^^^^^^^^^^^^^^^^^^^^^
  File "C:\Users\42191\Desktop\PROJEKT\venv\Lib\site-packages\rest_framework\views.py", line 509, in dispatch
    response = self.handle_exception(exc)
               ^^^^^^^^^^^^^^^^^^^^^^^^^^
  File "C:\Users\42191\Desktop\PROJEKT\venv\Lib\site-packages\rest_framework\views.py", line 469, in handle_exception
    self.raise_uncaught_exception(exc)
  File "C:\Users\42191\Desktop\PROJEKT\venv\Lib\site-packages\rest_framework\views.py", line 480, in raise_uncaught_exception
    raise exc
  File "C:\Users\42191\Desktop\PROJEKT\venv\Lib\site-packages\rest_framework\views.py", line 506, in dispatch
    response = handler(request, *args, **kwargs)
               ^^^^^^^^^^^^^^^^^^^^^^^^^^^^^^^^^
  File "C:\Users\42191\Desktop\PROJEKT\venv\Lib\site-packages\rest_framework\mixins.py", line 19, in create
    self.perform_create(serializer)
  File "C:\Users\42191\Desktop\PROJEKT\venv\Lib\site-packages\rest_framework\mixins.py", line 24, in perform_create
    serializer.save()
  File "C:\Users\42191\Desktop\PROJEKT\venv\Lib\site-packages\rest_framework\serializers.py", line 208, in save
    self.instance = self.create(validated_data)
                    ^^^^^^^^^^^^^^^^^^^^^^^^^^^
  File "C:\Users\42191\Desktop\PROJEKT\BACKEND\tipperliga\serializers.py", line 45, in create
    password=validated_data['password']
             ~~~~~~~~~~~~~~^^^^^^^^^^^^
KeyError: 'password'
ERROR 2025-03-19 16:13:39,724 basehttp 18100 20836 "POST /users/ HTTP/1.1" 500 119997
INFO 2025-03-19 16:21:24,018 autoreload 24172 12108 Watching for file changes with StatReloader
INFO 2025-03-19 16:21:32,240 basehttp 24172 25120 "GET /admin/ HTTP/1.1" 200 6226
INFO 2025-03-19 16:21:35,747 basehttp 24172 25120 "GET / HTTP/1.1" 200 5641
WARNING 2025-03-19 16:21:47,661 log 24172 25120 Not Found: /friends
WARNING 2025-03-19 16:21:47,663 basehttp 24172 25120 "GET /friends HTTP/1.1" 404 13193
INFO 2025-03-19 16:21:53,205 basehttp 24172 25120 "GET / HTTP/1.1" 200 5641
INFO 2025-03-19 16:21:57,372 basehttp 24172 25120 "GET /social/ HTTP/1.1" 200 5287
INFO 2025-03-19 16:22:05,753 basehttp 24172 25120 "GET /social/friends HTTP/1.1" 301 0
INFO 2025-03-19 16:22:05,846 basehttp 24172 15128 "GET /social/friends/ HTTP/1.1" 200 5388
INFO 2025-03-19 16:22:45,442 autoreload 24172 12108 C:\Users\42191\Desktop\PROJEKT\BACKEND\tipperliga\views.py changed, reloading.
INFO 2025-03-19 16:22:48,148 autoreload 17036 13836 Watching for file changes with StatReloader
INFO 2025-03-19 16:24:15,744 autoreload 17824 4892 Watching for file changes with StatReloader
INFO 2025-03-19 16:24:25,250 basehttp 17824 20772 "GET /competitions HTTP/1.1" 301 0
INFO 2025-03-19 16:24:25,476 basehttp 17824 14432 "GET /competitions/ HTTP/1.1" 200 9398
INFO 2025-03-19 16:24:42,432 basehttp 17824 14432 "GET /leagues HTTP/1.1" 301 0
INFO 2025-03-19 16:24:42,537 basehttp 17824 5204 "GET /leagues/ HTTP/1.1" 200 9397
INFO 2025-03-19 16:25:32,779 autoreload 17824 4892 C:\Users\42191\Desktop\PROJEKT\BACKEND\tipperliga\views.py changed, reloading.
INFO 2025-03-19 16:25:35,399 autoreload 14092 23308 Watching for file changes with StatReloader
INFO 2025-03-19 16:30:40,732 autoreload 10624 8032 Watching for file changes with StatReloader
WARNING 2025-03-19 16:30:54,447 log 10624 23812 Not Found: /l
WARNING 2025-03-19 16:30:54,450 basehttp 10624 23812 "GET /l HTTP/1.1" 404 14138
INFO 2025-03-19 16:30:57,486 basehttp 10624 23812 "GET / HTTP/1.1" 200 5641
WARNING 2025-03-19 16:31:05,171 log 10624 23812 Not Found: /bets
WARNING 2025-03-19 16:31:05,173 basehttp 10624 23812 "GET /bets HTTP/1.1" 404 14147
INFO 2025-03-19 16:31:09,503 basehttp 10624 23812 "GET /bets/place HTTP/1.1" 301 0
WARNING 2025-03-19 16:31:09,608 log 10624 18348 Method Not Allowed: /bets/place/
WARNING 2025-03-19 16:31:09,610 basehttp 10624 18348 "GET /bets/place/ HTTP/1.1" 405 7595
INFO 2025-03-19 16:31:13,530 basehttp 10624 18348 "GET /admin/ HTTP/1.1" 200 6226
INFO 2025-03-19 16:31:56,781 autoreload 10624 8032 C:\Users\42191\Desktop\PROJEKT\BACKEND\tipperliga\views.py changed, reloading.
INFO 2025-03-19 16:31:59,645 autoreload 19104 24560 Watching for file changes with StatReloader
INFO 2025-03-19 16:35:36,135 autoreload 4564 14252 Watching for file changes with StatReloader
INFO 2025-03-19 16:36:10,514 basehttp 4564 22908 "GET /teams HTTP/1.1" 301 0
INFO 2025-03-19 16:36:10,703 basehttp 4564 14792 "GET /teams/ HTTP/1.1" 200 8959
INFO 2025-03-19 16:36:53,822 autoreload 4564 14252 C:\Users\42191\Desktop\PROJEKT\BACKEND\tipperliga\views.py changed, reloading.
INFO 2025-03-19 16:36:56,468 autoreload 21680 22924 Watching for file changes with StatReloader
INFO 2025-03-19 16:39:39,648 autoreload 25052 17780 Watching for file changes with StatReloader
INFO 2025-03-19 16:39:47,942 basehttp 25052 6620 "GET / HTTP/1.1" 200 5641
INFO 2025-03-19 16:39:49,753 basehttp 25052 6620 "GET /teams/ HTTP/1.1" 200 8959
INFO 2025-03-19 16:39:51,948 basehttp 25052 6620 "GET / HTTP/1.1" 200 5641
INFO 2025-03-19 16:41:05,482 autoreload 25052 17780 C:\Users\42191\Desktop\PROJEKT\BACKEND\BACKEND\urls.py changed, reloading.
INFO 2025-03-19 16:41:08,348 autoreload 12936 24928 Watching for file changes with StatReloader
INFO 2025-03-19 17:02:07,523 autoreload 15736 8428 Watching for file changes with StatReloader
INFO 2025-03-19 20:08:49,331 autoreload 29644 29624 Watching for file changes with StatReloader
INFO 2025-03-19 20:09:23,431 basehttp 29644 23148 "GET /admin/ HTTP/1.1" 200 6226
INFO 2025-03-19 20:09:23,548 basehttp 29644 23148 "GET /static/admin/css/base.css HTTP/1.1" 304 0
INFO 2025-03-19 20:09:23,568 basehttp 29644 23148 "GET /static/admin/css/dark_mode.css HTTP/1.1" 304 0
INFO 2025-03-19 20:09:23,572 basehttp 29644 29300 "GET /static/admin/js/theme.js HTTP/1.1" 304 0
INFO 2025-03-19 20:09:23,587 basehttp 29644 29300 "GET /static/admin/css/dashboard.css HTTP/1.1" 304 0
INFO 2025-03-19 20:09:23,588 basehttp 29644 23148 "GET /static/admin/css/nav_sidebar.css HTTP/1.1" 304 0
INFO 2025-03-19 20:09:23,595 basehttp 29644 29300 "GET /static/admin/css/responsive.css HTTP/1.1" 304 0
INFO 2025-03-19 20:09:23,851 basehttp 29644 29300 "GET /static/admin/js/nav_sidebar.js HTTP/1.1" 304 0
INFO 2025-03-19 20:09:23,895 basehttp 29644 23148 "GET /static/admin/img/icon-addlink.svg HTTP/1.1" 304 0
INFO 2025-03-19 20:09:23,896 basehttp 29644 29300 "GET /static/admin/img/icon-changelink.svg HTTP/1.1" 304 0
WARNING 2025-03-19 20:09:24,361 basehttp 29644 29300 "GET /static/images/favicon.ico HTTP/1.1" 404 1868
INFO 2025-03-19 20:09:27,591 basehttp 29644 23148 "GET / HTTP/1.1" 200 6184
INFO 2025-03-19 20:09:27,671 basehttp 29644 23148 "GET /static/rest_framework/css/bootstrap.min.css HTTP/1.1" 304 0
INFO 2025-03-19 20:09:27,690 basehttp 29644 12216 "GET /static/rest_framework/css/prettify.css HTTP/1.1" 304 0
INFO 2025-03-19 20:09:27,690 basehttp 29644 23148 "GET /static/rest_framework/js/jquery-3.7.1.min.js HTTP/1.1" 304 0
INFO 2025-03-19 20:09:27,691 basehttp 29644 21132 "GET /static/rest_framework/css/default.css HTTP/1.1" 304 0
INFO 2025-03-19 20:09:27,693 basehttp 29644 6896 "GET /static/rest_framework/css/bootstrap-tweaks.css HTTP/1.1" 304 0
INFO 2025-03-19 20:09:27,729 basehttp 29644 12216 "GET /static/rest_framework/js/ajax-form.js HTTP/1.1" 304 0
INFO 2025-03-19 20:09:27,733 basehttp 29644 6896 "GET /static/rest_framework/js/bootstrap.min.js HTTP/1.1" 304 0
INFO 2025-03-19 20:09:27,733 basehttp 29644 21132 "GET /static/rest_framework/js/csrf.js HTTP/1.1" 304 0
INFO 2025-03-19 20:09:27,736 basehttp 29644 23148 "GET /static/rest_framework/js/prettify-min.js HTTP/1.1" 304 0
INFO 2025-03-19 20:09:27,783 basehttp 29644 12216 "GET /static/rest_framework/js/default.js HTTP/1.1" 304 0
INFO 2025-03-19 20:09:27,786 basehttp 29644 21132 "GET /static/rest_framework/js/load-ajax-form.js HTTP/1.1" 304 0
INFO 2025-03-19 20:09:27,807 basehttp 29644 21132 "GET /static/rest_framework/img/grid.png HTTP/1.1" 304 0
INFO 2025-03-19 20:09:31,853 basehttp 29644 21132 "GET /bet-challenges/ HTTP/1.1" 200 11831
INFO 2025-03-19 20:09:41,417 basehttp 29644 21132 "GET / HTTP/1.1" 200 6184
WARNING 2025-03-19 20:21:16,029 log 16112 5112 Not Found: /api/bets/place/
WARNING 2025-03-19 20:21:17,221 log 16112 5112 Not Found: /api/competitions/
WARNING 2025-03-19 20:21:18,496 log 16112 5112 Not Found: /api/leagues/
WARNING 2025-03-19 20:25:14,933 log 15516 24392 Not Found: /api/bets/place/
WARNING 2025-03-19 20:25:16,510 log 15516 24392 Not Found: /api/competitions/
WARNING 2025-03-19 20:25:17,758 log 15516 24392 Not Found: /leagues
WARNING 2025-03-19 20:29:56,841 log 24996 28000 Not Found: /api/bets/place/
WARNING 2025-03-19 20:29:58,053 log 24996 28000 Not Found: /api/competitions/
WARNING 2025-03-19 20:29:59,289 log 24996 28000 Bad Request: /api/leagues/
WARNING 2025-03-19 20:31:32,511 log 11248 6512 Method Not Allowed: /api/bets/place/
WARNING 2025-03-19 20:31:35,059 log 11248 6512 Bad Request: /api/leagues/
WARNING 2025-03-19 20:35:31,390 log 20988 6900 Method Not Allowed: /api/bets/place/
WARNING 2025-03-19 20:35:33,876 log 20988 6900 Bad Request: /api/leagues/
WARNING 2025-03-19 20:38:38,607 log 17568 27228 Method Not Allowed: /api/bets/place/
WARNING 2025-03-19 20:38:41,241 log 17568 27228 Bad Request: /api/leagues/
INFO 2025-03-19 20:39:27,056 autoreload 9320 26092 Watching for file changes with StatReloader
INFO 2025-03-19 20:39:32,687 basehttp 9320 22456 "GET /admin/ HTTP/1.1" 200 6226
WARNING 2025-03-19 20:39:37,413 log 9320 22456 Not Found: /api/bets/place/
WARNING 2025-03-19 20:39:37,416 basehttp 9320 22456 "GET /api/bets/place/ HTTP/1.1" 404 10866
INFO 2025-03-19 20:40:16,045 basehttp 9320 22456 "GET /api/leagues HTTP/1.1" 301 0
INFO 2025-03-19 20:40:16,188 basehttp 9320 19920 "GET /api/leagues/ HTTP/1.1" 200 9526
WARNING 2025-03-19 20:40:18,519 log 9320 19920 Bad Request: /api/leagues/
WARNING 2025-03-19 20:40:18,521 basehttp 9320 19920 "POST /api/leagues/ HTTP/1.1" 400 10082
INFO 2025-03-19 20:40:23,554 basehttp 9320 19920 "POST /api/leagues/ HTTP/1.1" 201 9785
INFO 2025-03-19 20:40:32,498 basehttp 9320 19920 "GET /api/leagues/ HTTP/1.1" 200 9786
INFO 2025-03-20 10:48:52,993 autoreload 8008 22280 Watching for file changes with StatReloader
INFO 2025-03-20 10:48:58,272 basehttp 8008 16660 "OPTIONS /api/auth/login/ HTTP/1.1" 200 194
INFO 2025-03-20 10:48:58,275 basehttp 8008 16660 - Broken pipe from ('127.0.0.1', 56239)
INFO 2025-03-20 10:49:03,183 basehttp 8008 6856 "OPTIONS /api/auth/login/ HTTP/1.1" 200 194
INFO 2025-03-20 10:49:03,186 basehttp 8008 6856 - Broken pipe from ('127.0.0.1', 56240)
INFO 2025-03-20 10:49:23,050 basehttp 8008 12624 "OPTIONS /api/auth/login/ HTTP/1.1" 200 194
INFO 2025-03-20 10:49:23,053 basehttp 8008 12624 - Broken pipe from ('127.0.0.1', 56268)
INFO 2025-03-20 10:49:27,054 basehttp 8008 23076 "OPTIONS /api/auth/login/ HTTP/1.1" 200 194
INFO 2025-03-20 10:49:27,056 basehttp 8008 23076 - Broken pipe from ('127.0.0.1', 56276)
INFO 2025-03-20 10:49:33,539 basehttp 8008 25668 "OPTIONS /api/auth/login/ HTTP/1.1" 200 194
INFO 2025-03-20 10:49:33,542 basehttp 8008 25668 - Broken pipe from ('127.0.0.1', 56277)
INFO 2025-03-20 10:49:48,834 basehttp 8008 16336 "OPTIONS /api/users/register/ HTTP/1.1" 200 945
INFO 2025-03-20 10:49:48,838 basehttp 8008 16336 - Broken pipe from ('127.0.0.1', 56298)
